<?xml version="1.0" encoding="UTF-8"?>
<robot rpa="false" generated="20200830 21:07:18.567" generator="Robot 3.2.1 (Python 2.7.10 on darwin)">
<suite source="/Users/alanmurphy/Desktop/TechTest/Test/test.robot" id="s1" name="Test">
<test id="s1-t1" name="Press Button">
<kw name="Open Page">
<kw name="Open Browser" library="Selenium2Library">
<doc>Opens a new browser instance to the optional ``url``.</doc>
<arguments>
<arg>${URLwelcome}</arg>
<arg>${BROWSER}</arg>
</arguments>
<msg timestamp="20200830 21:07:18.725" level="INFO">Opening browser 'chrome' to base url '/Users/alanmurphy/Desktop/TechTest/Test/../Button/index.html'.</msg>
<kw name="Capture Page Screenshot" library="Selenium2Library">
<doc>Takes a screenshot of the current page and embeds it into a log file.</doc>
<msg timestamp="20200830 21:07:21.235" html="yes" level="INFO">&lt;/td&gt;&lt;/tr&gt;&lt;tr&gt;&lt;td colspan="3"&gt;&lt;a href="selenium-screenshot-2.png"&gt;&lt;img src="selenium-screenshot-2.png" width="800px"&gt;&lt;/a&gt;</msg>
<status status="PASS" endtime="20200830 21:07:21.235" starttime="20200830 21:07:20.829"></status>
</kw>
<msg timestamp="20200830 21:07:21.236" level="FAIL">InvalidArgumentException: Message: invalid argument
  (Session info: chrome=85.0.4183.83)
</msg>
<status status="FAIL" endtime="20200830 21:07:21.236" starttime="20200830 21:07:18.725"></status>
</kw>
<status status="FAIL" endtime="20200830 21:07:21.237" starttime="20200830 21:07:18.724"></status>
</kw>
<status status="FAIL" endtime="20200830 21:07:21.237" critical="yes" starttime="20200830 21:07:18.723">InvalidArgumentException: Message: invalid argument
  (Session info: chrome=85.0.4183.83)
</status>
</test>
<status status="FAIL" endtime="20200830 21:07:21.238" starttime="20200830 21:07:18.575"></status>
</suite>
<statistics>
<total>
<stat fail="1" pass="0">Critical Tests</stat>
<stat fail="1" pass="0">All Tests</stat>
</total>
<tag>
</tag>
<suite>
<stat fail="1" id="s1" name="Test" pass="0">Test</stat>
</suite>
</statistics>
<errors>
</errors>
</robot>
